


ARM Macro Assembler    Page 1 


    1 00000000         ;******************** (C) COPYRIGHT 2012 STMicroelectron
                       ics ********************
    2 00000000         ;* File Name          : startup_stm32f10x_ld_vl.s
    3 00000000         ;* Author             : MCD Application Team
    4 00000000         ;* Version            : V3.6.1
    5 00000000         ;* Date               : 05-March-2012
    6 00000000         ;* Description        : STM32F10x Low Density Value Line
                        Devices vector table  
    7 00000000         ;*                      for MDK-ARM toolchain.  
    8 00000000         ;*                      This module performs:
    9 00000000         ;*                      - Set the initial SP
   10 00000000         ;*                      - Set the initial PC == Reset_Ha
                       ndler
   11 00000000         ;*                      - Set the vector table entries w
                       ith the exceptions ISR address
   12 00000000         ;*                      - Configure the clock system
   13 00000000         ;*                      - Branches to __main in the C li
                       brary (which eventually
   14 00000000         ;*                        calls main()).
   15 00000000         ;*                      After Reset the CortexM3 process
                       or is in Thread mode,
   16 00000000         ;*                      priority is Privileged, and the 
                       Stack is set to Main.
   17 00000000         ;* <<< Use Configuration Wizard in Context Menu >>>   
   18 00000000         ;*******************************************************
                       ************************
   19 00000000         ; 
   20 00000000         ; Licensed under MCD-ST Liberty SW License Agreement V2,
                        (the "License");
   21 00000000         ; You may not use this file except in compliance with th
                       e License.
   22 00000000         ; You may obtain a copy of the License at:
   23 00000000         ; 
   24 00000000         ;        http://www.st.com/software_license_agreement_li
                       berty_v2
   25 00000000         ; 
   26 00000000         ; Unless required by applicable law or agreed to in writ
                       ing, software 
   27 00000000         ; distributed under the License is distributed on an "AS
                        IS" BASIS, 
   28 00000000         ; WITHOUT WARRANTIES OR CONDITIONS OF ANY KIND, either e
                       xpress or implied.
   29 00000000         ; See the License for the specific language governing pe
                       rmissions and
   30 00000000         ; limitations under the License.
   31 00000000         ; 
   32 00000000         ;*******************************************************
                       ************************
   33 00000000         
   34 00000000         ; Amount of memory (in bytes) allocated for Stack
   35 00000000         ; Tailor this value to your application needs
   36 00000000         ; <h> Stack Configuration
   37 00000000         ;   <o> Stack Size (in Bytes) <0x0-0xFFFFFFFF:8>
   38 00000000         ; </h>
   39 00000000         
   40 00000000 00000400 
                       Stack_Size
                               EQU              0x00000400
   41 00000000         



ARM Macro Assembler    Page 2 


   42 00000000                 AREA             STACK, NOINIT, READWRITE, ALIGN
=3
   43 00000000         Stack_Mem
                               SPACE            Stack_Size
   44 00000400         __initial_sp
   45 00000400         
   46 00000400         
   47 00000400         ; <h> Heap Configuration
   48 00000400         ;   <o>  Heap Size (in Bytes) <0x0-0xFFFFFFFF:8>
   49 00000400         ; </h>
   50 00000400         
   51 00000400 00000200 
                       Heap_Size
                               EQU              0x00000200
   52 00000400         
   53 00000400                 AREA             HEAP, NOINIT, READWRITE, ALIGN=
3
   54 00000000         __heap_base
   55 00000000         Heap_Mem
                               SPACE            Heap_Size
   56 00000200         __heap_limit
   57 00000200         
   58 00000200                 PRESERVE8
   59 00000200                 THUMB
   60 00000200         
   61 00000200         
   62 00000200         ; Vector Table Mapped to Address 0 at Reset
   63 00000200                 AREA             RESET, DATA, READONLY
   64 00000000                 EXPORT           __Vectors
   65 00000000                 EXPORT           __Vectors_End
   66 00000000                 EXPORT           __Vectors_Size
   67 00000000         
   68 00000000 00000000 
                       __Vectors
                               DCD              __initial_sp ; Top of Stack
   69 00000004 00000000        DCD              Reset_Handler ; Reset Handler
   70 00000008 00000000        DCD              NMI_Handler ; NMI Handler
   71 0000000C 00000000        DCD              HardFault_Handler ; Hard Fault 
                                                            Handler
   72 00000010 00000000        DCD              MemManage_Handler 
                                                            ; MPU Fault Handler
                                                            
   73 00000014 00000000        DCD              BusFault_Handler 
                                                            ; Bus Fault Handler
                                                            
   74 00000018 00000000        DCD              UsageFault_Handler ; Usage Faul
                                                            t Handler
   75 0000001C 00000000        DCD              0           ; Reserved
   76 00000020 00000000        DCD              0           ; Reserved
   77 00000024 00000000        DCD              0           ; Reserved
   78 00000028 00000000        DCD              0           ; Reserved
   79 0000002C 00000000        DCD              SVC_Handler ; SVCall Handler
   80 00000030 00000000        DCD              DebugMon_Handler ; Debug Monito
                                                            r Handler
   81 00000034 00000000        DCD              0           ; Reserved
   82 00000038 00000000        DCD              PendSV_Handler ; PendSV Handler
                                                            
   83 0000003C 00000000        DCD              SysTick_Handler 
                                                            ; SysTick Handler



ARM Macro Assembler    Page 3 


   84 00000040         
   85 00000040         ; External Interrupts
   86 00000040 00000000        DCD              WWDG_IRQHandler 
                                                            ; Window Watchdog
   87 00000044 00000000        DCD              PVD_IRQHandler ; PVD through EX
                                                            TI Line detect
   88 00000048 00000000        DCD              TAMPER_IRQHandler ; Tamper
   89 0000004C 00000000        DCD              RTC_IRQHandler ; RTC
   90 00000050 00000000        DCD              FLASH_IRQHandler ; Flash
   91 00000054 00000000        DCD              RCC_IRQHandler ; RCC
   92 00000058 00000000        DCD              EXTI0_IRQHandler ; EXTI Line 0
   93 0000005C 00000000        DCD              EXTI1_IRQHandler ; EXTI Line 1
   94 00000060 00000000        DCD              EXTI2_IRQHandler ; EXTI Line 2
   95 00000064 00000000        DCD              EXTI3_IRQHandler ; EXTI Line 3
   96 00000068 00000000        DCD              EXTI4_IRQHandler ; EXTI Line 4
   97 0000006C 00000000        DCD              DMA1_Channel1_IRQHandler 
                                                            ; DMA1 Channel 1
   98 00000070 00000000        DCD              DMA1_Channel2_IRQHandler 
                                                            ; DMA1 Channel 2
   99 00000074 00000000        DCD              DMA1_Channel3_IRQHandler 
                                                            ; DMA1 Channel 3
  100 00000078 00000000        DCD              DMA1_Channel4_IRQHandler 
                                                            ; DMA1 Channel 4
  101 0000007C 00000000        DCD              DMA1_Channel5_IRQHandler 
                                                            ; DMA1 Channel 5
  102 00000080 00000000        DCD              DMA1_Channel6_IRQHandler 
                                                            ; DMA1 Channel 6
  103 00000084 00000000        DCD              DMA1_Channel7_IRQHandler 
                                                            ; DMA1 Channel 7
  104 00000088 00000000        DCD              ADC1_IRQHandler ; ADC1
  105 0000008C 00000000        DCD              0           ; Reserved
  106 00000090 00000000        DCD              0           ; Reserved
  107 00000094 00000000        DCD              0           ; Reserved
  108 00000098 00000000        DCD              0           ; Reserved
  109 0000009C 00000000        DCD              EXTI9_5_IRQHandler 
                                                            ; EXTI Line 9..5
  110 000000A0 00000000        DCD              TIM1_BRK_TIM15_IRQHandler ; TIM
                                                            1 Break and TIM15
  111 000000A4 00000000        DCD              TIM1_UP_TIM16_IRQHandler ; TIM1
                                                             Update and TIM16
  112 000000A8 00000000        DCD              TIM1_TRG_COM_TIM17_IRQHandler ;
                                                             TIM1 Trigger and C
                                                            ommutation and TIM1
                                                            7
  113 000000AC 00000000        DCD              TIM1_CC_IRQHandler ; TIM1 Captu
                                                            re Compare
  114 000000B0 00000000        DCD              TIM2_IRQHandler ; TIM2
  115 000000B4 00000000        DCD              TIM3_IRQHandler ; TIM3
  116 000000B8 00000000        DCD              0           ; Reserved
  117 000000BC 00000000        DCD              I2C1_EV_IRQHandler ; I2C1 Event
                                                            
  118 000000C0 00000000        DCD              I2C1_ER_IRQHandler ; I2C1 Error
                                                            
  119 000000C4 00000000        DCD              0           ; Reserved
  120 000000C8 00000000        DCD              0           ; Reserved
  121 000000CC 00000000        DCD              SPI1_IRQHandler ; SPI1
  122 000000D0 00000000        DCD              0           ; Reserved
  123 000000D4 00000000        DCD              USART1_IRQHandler ; USART1
  124 000000D8 00000000        DCD              USART2_IRQHandler ; USART2



ARM Macro Assembler    Page 4 


  125 000000DC 00000000        DCD              0           ; Reserved
  126 000000E0 00000000        DCD              EXTI15_10_IRQHandler 
                                                            ; EXTI Line 15..10
  127 000000E4 00000000        DCD              RTCAlarm_IRQHandler ; RTC Alarm
                                                             through EXTI Line
  128 000000E8 00000000        DCD              CEC_IRQHandler ; HDMI-CEC
  129 000000EC 00000000        DCD              0           ; Reserved
  130 000000F0 00000000        DCD              0           ; Reserved
  131 000000F4 00000000        DCD              0           ; Reserved
  132 000000F8 00000000        DCD              0           ; Reserved 
  133 000000FC 00000000        DCD              0           ; Reserved
  134 00000100 00000000        DCD              0           ; Reserved
  135 00000104 00000000        DCD              0           ; Reserved
  136 00000108 00000000        DCD              0           ; Reserved 
  137 0000010C 00000000        DCD              0           ; Reserved
  138 00000110 00000000        DCD              0           ; Reserved
  139 00000114 00000000        DCD              0           ; Reserved
  140 00000118 00000000        DCD              TIM6_DAC_IRQHandler ; TIM6 and 
                                                            DAC underrun
  141 0000011C 00000000        DCD              TIM7_IRQHandler ; TIM7
  142 00000120         __Vectors_End
  143 00000120         
  144 00000120 00000120 
                       __Vectors_Size
                               EQU              __Vectors_End - __Vectors
  145 00000120         
  146 00000120                 AREA             |.text|, CODE, READONLY
  147 00000000         
  148 00000000         ; Reset handler
  149 00000000         Reset_Handler
                               PROC
  150 00000000                 EXPORT           Reset_Handler             [WEAK
]
  151 00000000                 IMPORT           __main
  152 00000000                 IMPORT           SystemInit
  153 00000000 4809            LDR              R0, =SystemInit
  154 00000002 4780            BLX              R0
  155 00000004 4809            LDR              R0, =__main
  156 00000006 4700            BX               R0
  157 00000008                 ENDP
  158 00000008         
  159 00000008         ; Dummy Exception Handlers (infinite loops which can be 
                       modified)
  160 00000008         
  161 00000008         NMI_Handler
                               PROC
  162 00000008                 EXPORT           NMI_Handler                    
  [WEAK]
  163 00000008 E7FE            B                .
  164 0000000A                 ENDP
  166 0000000A         HardFault_Handler
                               PROC
  167 0000000A                 EXPORT           HardFault_Handler              
  [WEAK]
  168 0000000A E7FE            B                .
  169 0000000C                 ENDP
  171 0000000C         MemManage_Handler
                               PROC
  172 0000000C                 EXPORT           MemManage_Handler              



ARM Macro Assembler    Page 5 


  [WEAK]
  173 0000000C E7FE            B                .
  174 0000000E                 ENDP
  176 0000000E         BusFault_Handler
                               PROC
  177 0000000E                 EXPORT           BusFault_Handler               
  [WEAK]
  178 0000000E E7FE            B                .
  179 00000010                 ENDP
  181 00000010         UsageFault_Handler
                               PROC
  182 00000010                 EXPORT           UsageFault_Handler             
  [WEAK]
  183 00000010 E7FE            B                .
  184 00000012                 ENDP
  185 00000012         SVC_Handler
                               PROC
  186 00000012                 EXPORT           SVC_Handler                    
  [WEAK]
  187 00000012 E7FE            B                .
  188 00000014                 ENDP
  190 00000014         DebugMon_Handler
                               PROC
  191 00000014                 EXPORT           DebugMon_Handler               
  [WEAK]
  192 00000014 E7FE            B                .
  193 00000016                 ENDP
  194 00000016         PendSV_Handler
                               PROC
  195 00000016                 EXPORT           PendSV_Handler                 
  [WEAK]
  196 00000016 E7FE            B                .
  197 00000018                 ENDP
  198 00000018         SysTick_Handler
                               PROC
  199 00000018                 EXPORT           SysTick_Handler                
  [WEAK]
  200 00000018 E7FE            B                .
  201 0000001A                 ENDP
  202 0000001A         
  203 0000001A         Default_Handler
                               PROC
  204 0000001A         
  205 0000001A                 EXPORT           WWDG_IRQHandler                
  [WEAK]
  206 0000001A                 EXPORT           PVD_IRQHandler                 
  [WEAK]
  207 0000001A                 EXPORT           TAMPER_IRQHandler              
  [WEAK]
  208 0000001A                 EXPORT           RTC_IRQHandler                 
  [WEAK]
  209 0000001A                 EXPORT           FLASH_IRQHandler               
  [WEAK]
  210 0000001A                 EXPORT           RCC_IRQHandler                 
  [WEAK]
  211 0000001A                 EXPORT           EXTI0_IRQHandler               
  [WEAK]
  212 0000001A                 EXPORT           EXTI1_IRQHandler               
  [WEAK]



ARM Macro Assembler    Page 6 


  213 0000001A                 EXPORT           EXTI2_IRQHandler               
  [WEAK]
  214 0000001A                 EXPORT           EXTI3_IRQHandler               
  [WEAK]
  215 0000001A                 EXPORT           EXTI4_IRQHandler               
  [WEAK]
  216 0000001A                 EXPORT           DMA1_Channel1_IRQHandler       
  [WEAK]
  217 0000001A                 EXPORT           DMA1_Channel2_IRQHandler       
  [WEAK]
  218 0000001A                 EXPORT           DMA1_Channel3_IRQHandler       
  [WEAK]
  219 0000001A                 EXPORT           DMA1_Channel4_IRQHandler       
  [WEAK]
  220 0000001A                 EXPORT           DMA1_Channel5_IRQHandler       
  [WEAK]
  221 0000001A                 EXPORT           DMA1_Channel6_IRQHandler       
  [WEAK]
  222 0000001A                 EXPORT           DMA1_Channel7_IRQHandler       
  [WEAK]
  223 0000001A                 EXPORT           ADC1_IRQHandler                
  [WEAK]
  224 0000001A                 EXPORT           EXTI9_5_IRQHandler             
  [WEAK]
  225 0000001A                 EXPORT           TIM1_BRK_TIM15_IRQHandler      
  [WEAK]
  226 0000001A                 EXPORT           TIM1_UP_TIM16_IRQHandler       
  [WEAK]
  227 0000001A                 EXPORT           TIM1_TRG_COM_TIM17_IRQHandler  
  [WEAK]
  228 0000001A                 EXPORT           TIM1_CC_IRQHandler             
  [WEAK]
  229 0000001A                 EXPORT           TIM2_IRQHandler                
  [WEAK]
  230 0000001A                 EXPORT           TIM3_IRQHandler                
  [WEAK]
  231 0000001A                 EXPORT           I2C1_EV_IRQHandler             
  [WEAK]
  232 0000001A                 EXPORT           I2C1_ER_IRQHandler             
  [WEAK]
  233 0000001A                 EXPORT           SPI1_IRQHandler                
  [WEAK]
  234 0000001A                 EXPORT           USART1_IRQHandler              
  [WEAK]
  235 0000001A                 EXPORT           USART2_IRQHandler              
  [WEAK]
  236 0000001A                 EXPORT           EXTI15_10_IRQHandler           
  [WEAK]
  237 0000001A                 EXPORT           RTCAlarm_IRQHandler            
  [WEAK]
  238 0000001A                 EXPORT           CEC_IRQHandler                 
  [WEAK]
  239 0000001A                 EXPORT           TIM6_DAC_IRQHandler            
  [WEAK]
  240 0000001A                 EXPORT           TIM7_IRQHandler                
  [WEAK]
  241 0000001A         WWDG_IRQHandler
  242 0000001A         PVD_IRQHandler
  243 0000001A         TAMPER_IRQHandler



ARM Macro Assembler    Page 7 


  244 0000001A         RTC_IRQHandler
  245 0000001A         FLASH_IRQHandler
  246 0000001A         RCC_IRQHandler
  247 0000001A         EXTI0_IRQHandler
  248 0000001A         EXTI1_IRQHandler
  249 0000001A         EXTI2_IRQHandler
  250 0000001A         EXTI3_IRQHandler
  251 0000001A         EXTI4_IRQHandler
  252 0000001A         DMA1_Channel1_IRQHandler
  253 0000001A         DMA1_Channel2_IRQHandler
  254 0000001A         DMA1_Channel3_IRQHandler
  255 0000001A         DMA1_Channel4_IRQHandler
  256 0000001A         DMA1_Channel5_IRQHandler
  257 0000001A         DMA1_Channel6_IRQHandler
  258 0000001A         DMA1_Channel7_IRQHandler
  259 0000001A         ADC1_IRQHandler
  260 0000001A         EXTI9_5_IRQHandler
  261 0000001A         TIM1_BRK_TIM15_IRQHandler
  262 0000001A         TIM1_UP_TIM16_IRQHandler
  263 0000001A         TIM1_TRG_COM_TIM17_IRQHandler
  264 0000001A         TIM1_CC_IRQHandler
  265 0000001A         TIM2_IRQHandler
  266 0000001A         TIM3_IRQHandler
  267 0000001A         I2C1_EV_IRQHandler
  268 0000001A         I2C1_ER_IRQHandler
  269 0000001A         SPI1_IRQHandler
  270 0000001A         USART1_IRQHandler
  271 0000001A         USART2_IRQHandler
  272 0000001A         EXTI15_10_IRQHandler
  273 0000001A         RTCAlarm_IRQHandler
  274 0000001A         CEC_IRQHandler
  275 0000001A         TIM6_DAC_IRQHandler
  276 0000001A         TIM7_IRQHandler
  277 0000001A E7FE            B                .
  278 0000001C         
  279 0000001C                 ENDP
  280 0000001C         
  281 0000001C                 ALIGN
  282 0000001C         
  283 0000001C         ;*******************************************************
                       ************************
  284 0000001C         ; User Stack and Heap initialization
  285 0000001C         ;*******************************************************
                       ************************
  286 0000001C                 IF               :DEF:__MICROLIB
  293 0000001C         
  294 0000001C                 IMPORT           __use_two_region_memory
  295 0000001C                 EXPORT           __user_initial_stackheap
  296 0000001C         
  297 0000001C         __user_initial_stackheap
  298 0000001C         
  299 0000001C 4804            LDR              R0, =  Heap_Mem
  300 0000001E 4905            LDR              R1, =(Stack_Mem + Stack_Size)
  301 00000020 4A05            LDR              R2, = (Heap_Mem +  Heap_Size)
  302 00000022 4B06            LDR              R3, = Stack_Mem
  303 00000024 4770            BX               LR
  304 00000026         
  305 00000026 00 00           ALIGN
  306 00000028         



ARM Macro Assembler    Page 8 


  307 00000028                 ENDIF
  308 00000028         
  309 00000028                 END
              00000000 
              00000000 
              00000000 
              00000400 
              00000200 
              00000000 
Command Line: --debug --xref --cpu=Cortex-M3 --apcs=interwork --depend=startup_
stm32f10x_ld_vl.d -ostartup_stm32f10x_ld_vl.o -I..\inc -I..\lib\CMSIS\inc -I..\
lib\STM32F10x\inc -I..\lib\BSP\STM32VLDISCOVERY -IC:\ARM\Keil\ARM\RV31\INC -IC:
\ARM\Keil\ARM\CMSIS\Include -IC:\ARM\Keil\ARM\Inc\ST\STM32F10x --predefine="__E
VAL SETA 1" --predefine="STM32VLDISCOVERY SETA 1" --predefine="STM32F10X_LD_VL 
SETA 1" --predefine="USE_STDPERIPH_DRIVER SETA 1" --list=.\startup_stm32f10x_ld
_vl.lst ..\lib\STM32F10x\startup\keil\startup_stm32f10x_ld_vl.s



ARM Macro Assembler    Page 1 Alphabetic symbol ordering
Relocatable symbols

STACK 00000000

Symbol: STACK
   Definitions
      At line 42 in file ..\lib\STM32F10x\startup\keil\startup_stm32f10x_ld_vl.
s
   Uses
      None
Comment: STACK unused
Stack_Mem 00000000

Symbol: Stack_Mem
   Definitions
      At line 43 in file ..\lib\STM32F10x\startup\keil\startup_stm32f10x_ld_vl.
s
   Uses
      At line 300 in file ..\lib\STM32F10x\startup\keil\startup_stm32f10x_ld_vl
.s
      At line 302 in file ..\lib\STM32F10x\startup\keil\startup_stm32f10x_ld_vl
.s

__initial_sp 00000400

Symbol: __initial_sp
   Definitions
      At line 44 in file ..\lib\STM32F10x\startup\keil\startup_stm32f10x_ld_vl.
s
   Uses
      At line 68 in file ..\lib\STM32F10x\startup\keil\startup_stm32f10x_ld_vl.
s
Comment: __initial_sp used once
3 symbols



ARM Macro Assembler    Page 1 Alphabetic symbol ordering
Relocatable symbols

HEAP 00000000

Symbol: HEAP
   Definitions
      At line 53 in file ..\lib\STM32F10x\startup\keil\startup_stm32f10x_ld_vl.
s
   Uses
      None
Comment: HEAP unused
Heap_Mem 00000000

Symbol: Heap_Mem
   Definitions
      At line 55 in file ..\lib\STM32F10x\startup\keil\startup_stm32f10x_ld_vl.
s
   Uses
      At line 299 in file ..\lib\STM32F10x\startup\keil\startup_stm32f10x_ld_vl
.s
      At line 301 in file ..\lib\STM32F10x\startup\keil\startup_stm32f10x_ld_vl
.s

__heap_base 00000000

Symbol: __heap_base
   Definitions
      At line 54 in file ..\lib\STM32F10x\startup\keil\startup_stm32f10x_ld_vl.
s
   Uses
      None
Comment: __heap_base unused
__heap_limit 00000200

Symbol: __heap_limit
   Definitions
      At line 56 in file ..\lib\STM32F10x\startup\keil\startup_stm32f10x_ld_vl.
s
   Uses
      None
Comment: __heap_limit unused
4 symbols



ARM Macro Assembler    Page 1 Alphabetic symbol ordering
Relocatable symbols

RESET 00000000

Symbol: RESET
   Definitions
      At line 63 in file ..\lib\STM32F10x\startup\keil\startup_stm32f10x_ld_vl.
s
   Uses
      None
Comment: RESET unused
__Vectors 00000000

Symbol: __Vectors
   Definitions
      At line 68 in file ..\lib\STM32F10x\startup\keil\startup_stm32f10x_ld_vl.
s
   Uses
      At line 64 in file ..\lib\STM32F10x\startup\keil\startup_stm32f10x_ld_vl.
s
      At line 144 in file ..\lib\STM32F10x\startup\keil\startup_stm32f10x_ld_vl
.s

__Vectors_End 00000120

Symbol: __Vectors_End
   Definitions
      At line 142 in file ..\lib\STM32F10x\startup\keil\startup_stm32f10x_ld_vl
.s
   Uses
      At line 65 in file ..\lib\STM32F10x\startup\keil\startup_stm32f10x_ld_vl.
s
      At line 144 in file ..\lib\STM32F10x\startup\keil\startup_stm32f10x_ld_vl
.s

3 symbols



ARM Macro Assembler    Page 1 Alphabetic symbol ordering
Relocatable symbols

.text 00000000

Symbol: .text
   Definitions
      At line 146 in file ..\lib\STM32F10x\startup\keil\startup_stm32f10x_ld_vl
.s
   Uses
      None
Comment: .text unused
ADC1_IRQHandler 0000001A

Symbol: ADC1_IRQHandler
   Definitions
      At line 259 in file ..\lib\STM32F10x\startup\keil\startup_stm32f10x_ld_vl
.s
   Uses
      At line 104 in file ..\lib\STM32F10x\startup\keil\startup_stm32f10x_ld_vl
.s
      At line 223 in file ..\lib\STM32F10x\startup\keil\startup_stm32f10x_ld_vl
.s

BusFault_Handler 0000000E

Symbol: BusFault_Handler
   Definitions
      At line 176 in file ..\lib\STM32F10x\startup\keil\startup_stm32f10x_ld_vl
.s
   Uses
      At line 73 in file ..\lib\STM32F10x\startup\keil\startup_stm32f10x_ld_vl.
s
      At line 177 in file ..\lib\STM32F10x\startup\keil\startup_stm32f10x_ld_vl
.s

CEC_IRQHandler 0000001A

Symbol: CEC_IRQHandler
   Definitions
      At line 274 in file ..\lib\STM32F10x\startup\keil\startup_stm32f10x_ld_vl
.s
   Uses
      At line 128 in file ..\lib\STM32F10x\startup\keil\startup_stm32f10x_ld_vl
.s
      At line 238 in file ..\lib\STM32F10x\startup\keil\startup_stm32f10x_ld_vl
.s

DMA1_Channel1_IRQHandler 0000001A

Symbol: DMA1_Channel1_IRQHandler
   Definitions
      At line 252 in file ..\lib\STM32F10x\startup\keil\startup_stm32f10x_ld_vl
.s
   Uses
      At line 97 in file ..\lib\STM32F10x\startup\keil\startup_stm32f10x_ld_vl.
s
      At line 216 in file ..\lib\STM32F10x\startup\keil\startup_stm32f10x_ld_vl
.s

DMA1_Channel2_IRQHandler 0000001A




ARM Macro Assembler    Page 2 Alphabetic symbol ordering
Relocatable symbols

Symbol: DMA1_Channel2_IRQHandler
   Definitions
      At line 253 in file ..\lib\STM32F10x\startup\keil\startup_stm32f10x_ld_vl
.s
   Uses
      At line 98 in file ..\lib\STM32F10x\startup\keil\startup_stm32f10x_ld_vl.
s
      At line 217 in file ..\lib\STM32F10x\startup\keil\startup_stm32f10x_ld_vl
.s

DMA1_Channel3_IRQHandler 0000001A

Symbol: DMA1_Channel3_IRQHandler
   Definitions
      At line 254 in file ..\lib\STM32F10x\startup\keil\startup_stm32f10x_ld_vl
.s
   Uses
      At line 99 in file ..\lib\STM32F10x\startup\keil\startup_stm32f10x_ld_vl.
s
      At line 218 in file ..\lib\STM32F10x\startup\keil\startup_stm32f10x_ld_vl
.s

DMA1_Channel4_IRQHandler 0000001A

Symbol: DMA1_Channel4_IRQHandler
   Definitions
      At line 255 in file ..\lib\STM32F10x\startup\keil\startup_stm32f10x_ld_vl
.s
   Uses
      At line 100 in file ..\lib\STM32F10x\startup\keil\startup_stm32f10x_ld_vl
.s
      At line 219 in file ..\lib\STM32F10x\startup\keil\startup_stm32f10x_ld_vl
.s

DMA1_Channel5_IRQHandler 0000001A

Symbol: DMA1_Channel5_IRQHandler
   Definitions
      At line 256 in file ..\lib\STM32F10x\startup\keil\startup_stm32f10x_ld_vl
.s
   Uses
      At line 101 in file ..\lib\STM32F10x\startup\keil\startup_stm32f10x_ld_vl
.s
      At line 220 in file ..\lib\STM32F10x\startup\keil\startup_stm32f10x_ld_vl
.s

DMA1_Channel6_IRQHandler 0000001A

Symbol: DMA1_Channel6_IRQHandler
   Definitions
      At line 257 in file ..\lib\STM32F10x\startup\keil\startup_stm32f10x_ld_vl
.s
   Uses
      At line 102 in file ..\lib\STM32F10x\startup\keil\startup_stm32f10x_ld_vl
.s
      At line 221 in file ..\lib\STM32F10x\startup\keil\startup_stm32f10x_ld_vl
.s

DMA1_Channel7_IRQHandler 0000001A



ARM Macro Assembler    Page 3 Alphabetic symbol ordering
Relocatable symbols


Symbol: DMA1_Channel7_IRQHandler
   Definitions
      At line 258 in file ..\lib\STM32F10x\startup\keil\startup_stm32f10x_ld_vl
.s
   Uses
      At line 103 in file ..\lib\STM32F10x\startup\keil\startup_stm32f10x_ld_vl
.s
      At line 222 in file ..\lib\STM32F10x\startup\keil\startup_stm32f10x_ld_vl
.s

DebugMon_Handler 00000014

Symbol: DebugMon_Handler
   Definitions
      At line 190 in file ..\lib\STM32F10x\startup\keil\startup_stm32f10x_ld_vl
.s
   Uses
      At line 80 in file ..\lib\STM32F10x\startup\keil\startup_stm32f10x_ld_vl.
s
      At line 191 in file ..\lib\STM32F10x\startup\keil\startup_stm32f10x_ld_vl
.s

Default_Handler 0000001A

Symbol: Default_Handler
   Definitions
      At line 203 in file ..\lib\STM32F10x\startup\keil\startup_stm32f10x_ld_vl
.s
   Uses
      None
Comment: Default_Handler unused
EXTI0_IRQHandler 0000001A

Symbol: EXTI0_IRQHandler
   Definitions
      At line 247 in file ..\lib\STM32F10x\startup\keil\startup_stm32f10x_ld_vl
.s
   Uses
      At line 92 in file ..\lib\STM32F10x\startup\keil\startup_stm32f10x_ld_vl.
s
      At line 211 in file ..\lib\STM32F10x\startup\keil\startup_stm32f10x_ld_vl
.s

EXTI15_10_IRQHandler 0000001A

Symbol: EXTI15_10_IRQHandler
   Definitions
      At line 272 in file ..\lib\STM32F10x\startup\keil\startup_stm32f10x_ld_vl
.s
   Uses
      At line 126 in file ..\lib\STM32F10x\startup\keil\startup_stm32f10x_ld_vl
.s
      At line 236 in file ..\lib\STM32F10x\startup\keil\startup_stm32f10x_ld_vl
.s

EXTI1_IRQHandler 0000001A

Symbol: EXTI1_IRQHandler



ARM Macro Assembler    Page 4 Alphabetic symbol ordering
Relocatable symbols

   Definitions
      At line 248 in file ..\lib\STM32F10x\startup\keil\startup_stm32f10x_ld_vl
.s
   Uses
      At line 93 in file ..\lib\STM32F10x\startup\keil\startup_stm32f10x_ld_vl.
s
      At line 212 in file ..\lib\STM32F10x\startup\keil\startup_stm32f10x_ld_vl
.s

EXTI2_IRQHandler 0000001A

Symbol: EXTI2_IRQHandler
   Definitions
      At line 249 in file ..\lib\STM32F10x\startup\keil\startup_stm32f10x_ld_vl
.s
   Uses
      At line 94 in file ..\lib\STM32F10x\startup\keil\startup_stm32f10x_ld_vl.
s
      At line 213 in file ..\lib\STM32F10x\startup\keil\startup_stm32f10x_ld_vl
.s

EXTI3_IRQHandler 0000001A

Symbol: EXTI3_IRQHandler
   Definitions
      At line 250 in file ..\lib\STM32F10x\startup\keil\startup_stm32f10x_ld_vl
.s
   Uses
      At line 95 in file ..\lib\STM32F10x\startup\keil\startup_stm32f10x_ld_vl.
s
      At line 214 in file ..\lib\STM32F10x\startup\keil\startup_stm32f10x_ld_vl
.s

EXTI4_IRQHandler 0000001A

Symbol: EXTI4_IRQHandler
   Definitions
      At line 251 in file ..\lib\STM32F10x\startup\keil\startup_stm32f10x_ld_vl
.s
   Uses
      At line 96 in file ..\lib\STM32F10x\startup\keil\startup_stm32f10x_ld_vl.
s
      At line 215 in file ..\lib\STM32F10x\startup\keil\startup_stm32f10x_ld_vl
.s

EXTI9_5_IRQHandler 0000001A

Symbol: EXTI9_5_IRQHandler
   Definitions
      At line 260 in file ..\lib\STM32F10x\startup\keil\startup_stm32f10x_ld_vl
.s
   Uses
      At line 109 in file ..\lib\STM32F10x\startup\keil\startup_stm32f10x_ld_vl
.s
      At line 224 in file ..\lib\STM32F10x\startup\keil\startup_stm32f10x_ld_vl
.s

FLASH_IRQHandler 0000001A




ARM Macro Assembler    Page 5 Alphabetic symbol ordering
Relocatable symbols

Symbol: FLASH_IRQHandler
   Definitions
      At line 245 in file ..\lib\STM32F10x\startup\keil\startup_stm32f10x_ld_vl
.s
   Uses
      At line 90 in file ..\lib\STM32F10x\startup\keil\startup_stm32f10x_ld_vl.
s
      At line 209 in file ..\lib\STM32F10x\startup\keil\startup_stm32f10x_ld_vl
.s

HardFault_Handler 0000000A

Symbol: HardFault_Handler
   Definitions
      At line 166 in file ..\lib\STM32F10x\startup\keil\startup_stm32f10x_ld_vl
.s
   Uses
      At line 71 in file ..\lib\STM32F10x\startup\keil\startup_stm32f10x_ld_vl.
s
      At line 167 in file ..\lib\STM32F10x\startup\keil\startup_stm32f10x_ld_vl
.s

I2C1_ER_IRQHandler 0000001A

Symbol: I2C1_ER_IRQHandler
   Definitions
      At line 268 in file ..\lib\STM32F10x\startup\keil\startup_stm32f10x_ld_vl
.s
   Uses
      At line 118 in file ..\lib\STM32F10x\startup\keil\startup_stm32f10x_ld_vl
.s
      At line 232 in file ..\lib\STM32F10x\startup\keil\startup_stm32f10x_ld_vl
.s

I2C1_EV_IRQHandler 0000001A

Symbol: I2C1_EV_IRQHandler
   Definitions
      At line 267 in file ..\lib\STM32F10x\startup\keil\startup_stm32f10x_ld_vl
.s
   Uses
      At line 117 in file ..\lib\STM32F10x\startup\keil\startup_stm32f10x_ld_vl
.s
      At line 231 in file ..\lib\STM32F10x\startup\keil\startup_stm32f10x_ld_vl
.s

MemManage_Handler 0000000C

Symbol: MemManage_Handler
   Definitions
      At line 171 in file ..\lib\STM32F10x\startup\keil\startup_stm32f10x_ld_vl
.s
   Uses
      At line 72 in file ..\lib\STM32F10x\startup\keil\startup_stm32f10x_ld_vl.
s
      At line 172 in file ..\lib\STM32F10x\startup\keil\startup_stm32f10x_ld_vl
.s

NMI_Handler 00000008



ARM Macro Assembler    Page 6 Alphabetic symbol ordering
Relocatable symbols


Symbol: NMI_Handler
   Definitions
      At line 161 in file ..\lib\STM32F10x\startup\keil\startup_stm32f10x_ld_vl
.s
   Uses
      At line 70 in file ..\lib\STM32F10x\startup\keil\startup_stm32f10x_ld_vl.
s
      At line 162 in file ..\lib\STM32F10x\startup\keil\startup_stm32f10x_ld_vl
.s

PVD_IRQHandler 0000001A

Symbol: PVD_IRQHandler
   Definitions
      At line 242 in file ..\lib\STM32F10x\startup\keil\startup_stm32f10x_ld_vl
.s
   Uses
      At line 87 in file ..\lib\STM32F10x\startup\keil\startup_stm32f10x_ld_vl.
s
      At line 206 in file ..\lib\STM32F10x\startup\keil\startup_stm32f10x_ld_vl
.s

PendSV_Handler 00000016

Symbol: PendSV_Handler
   Definitions
      At line 194 in file ..\lib\STM32F10x\startup\keil\startup_stm32f10x_ld_vl
.s
   Uses
      At line 82 in file ..\lib\STM32F10x\startup\keil\startup_stm32f10x_ld_vl.
s
      At line 195 in file ..\lib\STM32F10x\startup\keil\startup_stm32f10x_ld_vl
.s

RCC_IRQHandler 0000001A

Symbol: RCC_IRQHandler
   Definitions
      At line 246 in file ..\lib\STM32F10x\startup\keil\startup_stm32f10x_ld_vl
.s
   Uses
      At line 91 in file ..\lib\STM32F10x\startup\keil\startup_stm32f10x_ld_vl.
s
      At line 210 in file ..\lib\STM32F10x\startup\keil\startup_stm32f10x_ld_vl
.s

RTCAlarm_IRQHandler 0000001A

Symbol: RTCAlarm_IRQHandler
   Definitions
      At line 273 in file ..\lib\STM32F10x\startup\keil\startup_stm32f10x_ld_vl
.s
   Uses
      At line 127 in file ..\lib\STM32F10x\startup\keil\startup_stm32f10x_ld_vl
.s
      At line 237 in file ..\lib\STM32F10x\startup\keil\startup_stm32f10x_ld_vl
.s




ARM Macro Assembler    Page 7 Alphabetic symbol ordering
Relocatable symbols

RTC_IRQHandler 0000001A

Symbol: RTC_IRQHandler
   Definitions
      At line 244 in file ..\lib\STM32F10x\startup\keil\startup_stm32f10x_ld_vl
.s
   Uses
      At line 89 in file ..\lib\STM32F10x\startup\keil\startup_stm32f10x_ld_vl.
s
      At line 208 in file ..\lib\STM32F10x\startup\keil\startup_stm32f10x_ld_vl
.s

Reset_Handler 00000000

Symbol: Reset_Handler
   Definitions
      At line 149 in file ..\lib\STM32F10x\startup\keil\startup_stm32f10x_ld_vl
.s
   Uses
      At line 69 in file ..\lib\STM32F10x\startup\keil\startup_stm32f10x_ld_vl.
s
      At line 150 in file ..\lib\STM32F10x\startup\keil\startup_stm32f10x_ld_vl
.s

SPI1_IRQHandler 0000001A

Symbol: SPI1_IRQHandler
   Definitions
      At line 269 in file ..\lib\STM32F10x\startup\keil\startup_stm32f10x_ld_vl
.s
   Uses
      At line 121 in file ..\lib\STM32F10x\startup\keil\startup_stm32f10x_ld_vl
.s
      At line 233 in file ..\lib\STM32F10x\startup\keil\startup_stm32f10x_ld_vl
.s

SVC_Handler 00000012

Symbol: SVC_Handler
   Definitions
      At line 185 in file ..\lib\STM32F10x\startup\keil\startup_stm32f10x_ld_vl
.s
   Uses
      At line 79 in file ..\lib\STM32F10x\startup\keil\startup_stm32f10x_ld_vl.
s
      At line 186 in file ..\lib\STM32F10x\startup\keil\startup_stm32f10x_ld_vl
.s

SysTick_Handler 00000018

Symbol: SysTick_Handler
   Definitions
      At line 198 in file ..\lib\STM32F10x\startup\keil\startup_stm32f10x_ld_vl
.s
   Uses
      At line 83 in file ..\lib\STM32F10x\startup\keil\startup_stm32f10x_ld_vl.
s
      At line 199 in file ..\lib\STM32F10x\startup\keil\startup_stm32f10x_ld_vl
.s



ARM Macro Assembler    Page 8 Alphabetic symbol ordering
Relocatable symbols


TAMPER_IRQHandler 0000001A

Symbol: TAMPER_IRQHandler
   Definitions
      At line 243 in file ..\lib\STM32F10x\startup\keil\startup_stm32f10x_ld_vl
.s
   Uses
      At line 88 in file ..\lib\STM32F10x\startup\keil\startup_stm32f10x_ld_vl.
s
      At line 207 in file ..\lib\STM32F10x\startup\keil\startup_stm32f10x_ld_vl
.s

TIM1_BRK_TIM15_IRQHandler 0000001A

Symbol: TIM1_BRK_TIM15_IRQHandler
   Definitions
      At line 261 in file ..\lib\STM32F10x\startup\keil\startup_stm32f10x_ld_vl
.s
   Uses
      At line 110 in file ..\lib\STM32F10x\startup\keil\startup_stm32f10x_ld_vl
.s
      At line 225 in file ..\lib\STM32F10x\startup\keil\startup_stm32f10x_ld_vl
.s

TIM1_CC_IRQHandler 0000001A

Symbol: TIM1_CC_IRQHandler
   Definitions
      At line 264 in file ..\lib\STM32F10x\startup\keil\startup_stm32f10x_ld_vl
.s
   Uses
      At line 113 in file ..\lib\STM32F10x\startup\keil\startup_stm32f10x_ld_vl
.s
      At line 228 in file ..\lib\STM32F10x\startup\keil\startup_stm32f10x_ld_vl
.s

TIM1_TRG_COM_TIM17_IRQHandler 0000001A

Symbol: TIM1_TRG_COM_TIM17_IRQHandler
   Definitions
      At line 263 in file ..\lib\STM32F10x\startup\keil\startup_stm32f10x_ld_vl
.s
   Uses
      At line 112 in file ..\lib\STM32F10x\startup\keil\startup_stm32f10x_ld_vl
.s
      At line 227 in file ..\lib\STM32F10x\startup\keil\startup_stm32f10x_ld_vl
.s

TIM1_UP_TIM16_IRQHandler 0000001A

Symbol: TIM1_UP_TIM16_IRQHandler
   Definitions
      At line 262 in file ..\lib\STM32F10x\startup\keil\startup_stm32f10x_ld_vl
.s
   Uses
      At line 111 in file ..\lib\STM32F10x\startup\keil\startup_stm32f10x_ld_vl
.s
      At line 226 in file ..\lib\STM32F10x\startup\keil\startup_stm32f10x_ld_vl



ARM Macro Assembler    Page 9 Alphabetic symbol ordering
Relocatable symbols

.s

TIM2_IRQHandler 0000001A

Symbol: TIM2_IRQHandler
   Definitions
      At line 265 in file ..\lib\STM32F10x\startup\keil\startup_stm32f10x_ld_vl
.s
   Uses
      At line 114 in file ..\lib\STM32F10x\startup\keil\startup_stm32f10x_ld_vl
.s
      At line 229 in file ..\lib\STM32F10x\startup\keil\startup_stm32f10x_ld_vl
.s

TIM3_IRQHandler 0000001A

Symbol: TIM3_IRQHandler
   Definitions
      At line 266 in file ..\lib\STM32F10x\startup\keil\startup_stm32f10x_ld_vl
.s
   Uses
      At line 115 in file ..\lib\STM32F10x\startup\keil\startup_stm32f10x_ld_vl
.s
      At line 230 in file ..\lib\STM32F10x\startup\keil\startup_stm32f10x_ld_vl
.s

TIM6_DAC_IRQHandler 0000001A

Symbol: TIM6_DAC_IRQHandler
   Definitions
      At line 275 in file ..\lib\STM32F10x\startup\keil\startup_stm32f10x_ld_vl
.s
   Uses
      At line 140 in file ..\lib\STM32F10x\startup\keil\startup_stm32f10x_ld_vl
.s
      At line 239 in file ..\lib\STM32F10x\startup\keil\startup_stm32f10x_ld_vl
.s

TIM7_IRQHandler 0000001A

Symbol: TIM7_IRQHandler
   Definitions
      At line 276 in file ..\lib\STM32F10x\startup\keil\startup_stm32f10x_ld_vl
.s
   Uses
      At line 141 in file ..\lib\STM32F10x\startup\keil\startup_stm32f10x_ld_vl
.s
      At line 240 in file ..\lib\STM32F10x\startup\keil\startup_stm32f10x_ld_vl
.s

USART1_IRQHandler 0000001A

Symbol: USART1_IRQHandler
   Definitions
      At line 270 in file ..\lib\STM32F10x\startup\keil\startup_stm32f10x_ld_vl
.s
   Uses
      At line 123 in file ..\lib\STM32F10x\startup\keil\startup_stm32f10x_ld_vl
.s



ARM Macro Assembler    Page 10 Alphabetic symbol ordering
Relocatable symbols

      At line 234 in file ..\lib\STM32F10x\startup\keil\startup_stm32f10x_ld_vl
.s

USART2_IRQHandler 0000001A

Symbol: USART2_IRQHandler
   Definitions
      At line 271 in file ..\lib\STM32F10x\startup\keil\startup_stm32f10x_ld_vl
.s
   Uses
      At line 124 in file ..\lib\STM32F10x\startup\keil\startup_stm32f10x_ld_vl
.s
      At line 235 in file ..\lib\STM32F10x\startup\keil\startup_stm32f10x_ld_vl
.s

UsageFault_Handler 00000010

Symbol: UsageFault_Handler
   Definitions
      At line 181 in file ..\lib\STM32F10x\startup\keil\startup_stm32f10x_ld_vl
.s
   Uses
      At line 74 in file ..\lib\STM32F10x\startup\keil\startup_stm32f10x_ld_vl.
s
      At line 182 in file ..\lib\STM32F10x\startup\keil\startup_stm32f10x_ld_vl
.s

WWDG_IRQHandler 0000001A

Symbol: WWDG_IRQHandler
   Definitions
      At line 241 in file ..\lib\STM32F10x\startup\keil\startup_stm32f10x_ld_vl
.s
   Uses
      At line 86 in file ..\lib\STM32F10x\startup\keil\startup_stm32f10x_ld_vl.
s
      At line 205 in file ..\lib\STM32F10x\startup\keil\startup_stm32f10x_ld_vl
.s

__user_initial_stackheap 0000001C

Symbol: __user_initial_stackheap
   Definitions
      At line 297 in file ..\lib\STM32F10x\startup\keil\startup_stm32f10x_ld_vl
.s
   Uses
      At line 295 in file ..\lib\STM32F10x\startup\keil\startup_stm32f10x_ld_vl
.s
Comment: __user_initial_stackheap used once
49 symbols



ARM Macro Assembler    Page 1 Alphabetic symbol ordering
Absolute symbols

Heap_Size 00000200

Symbol: Heap_Size
   Definitions
      At line 51 in file ..\lib\STM32F10x\startup\keil\startup_stm32f10x_ld_vl.
s
   Uses
      At line 55 in file ..\lib\STM32F10x\startup\keil\startup_stm32f10x_ld_vl.
s
      At line 301 in file ..\lib\STM32F10x\startup\keil\startup_stm32f10x_ld_vl
.s

Stack_Size 00000400

Symbol: Stack_Size
   Definitions
      At line 40 in file ..\lib\STM32F10x\startup\keil\startup_stm32f10x_ld_vl.
s
   Uses
      At line 43 in file ..\lib\STM32F10x\startup\keil\startup_stm32f10x_ld_vl.
s
      At line 300 in file ..\lib\STM32F10x\startup\keil\startup_stm32f10x_ld_vl
.s

__Vectors_Size 00000120

Symbol: __Vectors_Size
   Definitions
      At line 144 in file ..\lib\STM32F10x\startup\keil\startup_stm32f10x_ld_vl
.s
   Uses
      At line 66 in file ..\lib\STM32F10x\startup\keil\startup_stm32f10x_ld_vl.
s
Comment: __Vectors_Size used once
3 symbols



ARM Macro Assembler    Page 1 Alphabetic symbol ordering
External symbols

SystemInit 00000000

Symbol: SystemInit
   Definitions
      At line 152 in file ..\lib\STM32F10x\startup\keil\startup_stm32f10x_ld_vl
.s
   Uses
      At line 153 in file ..\lib\STM32F10x\startup\keil\startup_stm32f10x_ld_vl
.s
Comment: SystemInit used once
__main 00000000

Symbol: __main
   Definitions
      At line 151 in file ..\lib\STM32F10x\startup\keil\startup_stm32f10x_ld_vl
.s
   Uses
      At line 155 in file ..\lib\STM32F10x\startup\keil\startup_stm32f10x_ld_vl
.s
Comment: __main used once
__use_two_region_memory 00000000

Symbol: __use_two_region_memory
   Definitions
      At line 294 in file ..\lib\STM32F10x\startup\keil\startup_stm32f10x_ld_vl
.s
   Uses
      None
Comment: __use_two_region_memory unused
3 symbols
403 symbols in table
